[2022-10-30 14:43:56,017] [INFO] Requesting for post listing, page #1
[2022-10-30 14:43:56,018] [DEBUG] Starting new HTTPS connection (1): abc.mustspace.net:8082
[2022-10-30 14:43:56,630] [DEBUG] https://abc.mustspace.net:8082 "GET /getPostList?category_id=0&userId=0&page=1&size=20 HTTP/1.1" 200 None
[2022-10-30 14:43:56,630] [INFO] 20 entries found!
[2022-10-30 14:43:56,630] [INFO] Requesting for post #1/20, post_id = 47899
[2022-10-30 14:43:57,153] [DEBUG] https://abc.mustspace.net:8082 "GET /getNews?id=47899&userId=0 HTTP/1.1" 200 None
[2022-10-30 14:43:57,153] [INFO] Saved post #47899 raw content to ./data/posts/47899.json.
[2022-10-30 14:43:57,153] [INFO] Paused execution for 1.316s to limit request rate
[2022-10-30 14:43:58,474] [INFO] Requesting for post #2/20, post_id = 47898
[2022-10-30 14:43:59,304] [DEBUG] https://abc.mustspace.net:8082 "GET /getNews?id=47898&userId=0 HTTP/1.1" 200 None
[2022-10-30 14:43:59,305] [INFO] Saved post #47898 raw content to ./data/posts/47898.json.
[2022-10-30 14:43:59,305] [INFO] Paused execution for 1.327s to limit request rate
[2022-10-30 14:44:00,637] [INFO] Requesting for post #3/20, post_id = 47897
[2022-10-30 14:44:00,938] [DEBUG] https://abc.mustspace.net:8082 "GET /getNews?id=47897&userId=0 HTTP/1.1" 200 None
[2022-10-30 14:44:00,939] [INFO] Saved post #47897 raw content to ./data/posts/47897.json.
[2022-10-30 14:44:00,939] [INFO] Paused execution for 1.094s to limit request rate
[2022-10-30 14:44:02,037] [INFO] Requesting for post #4/20, post_id = 47896
[2022-10-30 14:44:02,394] [DEBUG] https://abc.mustspace.net:8082 "GET /getNews?id=47896&userId=0 HTTP/1.1" 200 None
[2022-10-30 14:44:02,394] [INFO] Saved post #47896 raw content to ./data/posts/47896.json.
[2022-10-30 14:44:02,394] [INFO] Paused execution for 1.308s to limit request rate
[2022-10-30 14:44:03,707] [INFO] Requesting for post #5/20, post_id = 47895
[2022-10-30 14:44:04,536] [DEBUG] https://abc.mustspace.net:8082 "GET /getNews?id=47895&userId=0 HTTP/1.1" 200 None
[2022-10-30 14:44:04,537] [INFO] Saved post #47895 raw content to ./data/posts/47895.json.
[2022-10-30 14:44:04,537] [INFO] Paused execution for 2.492s to limit request rate
[2022-10-30 14:44:07,034] [INFO] Requesting for post #6/20, post_id = 47892
[2022-10-30 14:44:08,202] [DEBUG] https://abc.mustspace.net:8082 "GET /getNews?id=47892&userId=0 HTTP/1.1" 200 None
[2022-10-30 14:44:08,204] [INFO] Saved post #47892 raw content to ./data/posts/47892.json.
[2022-10-30 14:44:08,204] [INFO] Paused execution for 1.743s to limit request rate
[2022-10-30 14:44:09,948] [INFO] Requesting for post #7/20, post_id = 47891
[2022-10-30 14:44:10,886] [DEBUG] https://abc.mustspace.net:8082 "GET /getNews?id=47891&userId=0 HTTP/1.1" 200 None
[2022-10-30 14:44:10,886] [INFO] Saved post #47891 raw content to ./data/posts/47891.json.
[2022-10-30 14:44:10,886] [INFO] Paused execution for 2.654s to limit request rate
[2022-10-30 14:44:13,545] [INFO] Requesting for post #8/20, post_id = 47890
[2022-10-30 14:44:14,604] [DEBUG] https://abc.mustspace.net:8082 "GET /getNews?id=47890&userId=0 HTTP/1.1" 200 None
[2022-10-30 14:44:14,605] [INFO] Saved post #47890 raw content to ./data/posts/47890.json.
[2022-10-30 14:44:14,605] [INFO] Paused execution for 2.715s to limit request rate
[2022-10-30 14:44:17,324] [INFO] Requesting for post #9/20, post_id = 47889
[2022-10-30 14:44:18,124] [DEBUG] https://abc.mustspace.net:8082 "GET /getNews?id=47889&userId=0 HTTP/1.1" 200 None
[2022-10-30 14:44:18,127] [INFO] Saved post #47889 raw content to ./data/posts/47889.json.
[2022-10-30 14:44:18,127] [INFO] Paused execution for 2.315s to limit request rate
[2022-10-30 14:44:20,445] [INFO] Requesting for post #10/20, post_id = 47887
[2022-10-30 14:44:21,924] [DEBUG] https://abc.mustspace.net:8082 "GET /getNews?id=47887&userId=0 HTTP/1.1" 200 None
[2022-10-30 14:44:21,926] [INFO] Saved post #47887 raw content to ./data/posts/47887.json.
[2022-10-30 14:44:21,926] [INFO] Paused execution for 2.229s to limit request rate
[2022-10-30 14:44:24,160] [INFO] Requesting for post #11/20, post_id = 47886
[2022-10-30 14:44:25,092] [DEBUG] https://abc.mustspace.net:8082 "GET /getNews?id=47886&userId=0 HTTP/1.1" 200 None
[2022-10-30 14:44:25,092] [INFO] Saved post #47886 raw content to ./data/posts/47886.json.
[2022-10-30 14:44:25,092] [INFO] Paused execution for 2.689s to limit request rate
[2022-10-30 14:44:27,786] [INFO] Requesting for post #12/20, post_id = 47884
[2022-10-30 14:44:28,610] [DEBUG] https://abc.mustspace.net:8082 "GET /getNews?id=47884&userId=0 HTTP/1.1" 200 None
[2022-10-30 14:44:28,612] [INFO] Saved post #47884 raw content to ./data/posts/47884.json.
[2022-10-30 14:44:28,612] [INFO] Paused execution for 1.317s to limit request rate
[2022-10-30 14:44:29,934] [INFO] Requesting for post #13/20, post_id = 47883
[2022-10-30 14:44:31,823] [DEBUG] https://abc.mustspace.net:8082 "GET /getNews?id=47883&userId=0 HTTP/1.1" 200 None
[2022-10-30 14:44:31,826] [INFO] Saved post #47883 raw content to ./data/posts/47883.json.
[2022-10-30 14:44:31,827] [INFO] Paused execution for 1.117s to limit request rate
[2022-10-30 14:44:32,949] [INFO] Requesting for post #14/20, post_id = 47882
[2022-10-30 14:44:33,961] [DEBUG] https://abc.mustspace.net:8082 "GET /getNews?id=47882&userId=0 HTTP/1.1" 200 None
[2022-10-30 14:44:33,961] [INFO] Saved post #47882 raw content to ./data/posts/47882.json.
[2022-10-30 14:44:33,961] [INFO] Paused execution for 1.173s to limit request rate
[2022-10-30 14:44:35,136] [INFO] Requesting for post #15/20, post_id = 47880
[2022-10-30 14:44:35,602] [DEBUG] https://abc.mustspace.net:8082 "GET /getNews?id=47880&userId=0 HTTP/1.1" 200 None
[2022-10-30 14:44:35,603] [INFO] Saved post #47880 raw content to ./data/posts/47880.json.
[2022-10-30 14:44:35,603] [INFO] Paused execution for 1.929s to limit request rate
[2022-10-30 14:44:37,535] [INFO] Requesting for post #16/20, post_id = 47879
[2022-10-30 14:44:37,662] [DEBUG] https://abc.mustspace.net:8082 "GET /getNews?id=47879&userId=0 HTTP/1.1" 200 None
[2022-10-30 14:44:37,662] [INFO] Saved post #47879 raw content to ./data/posts/47879.json.
[2022-10-30 14:44:37,662] [INFO] Paused execution for 1.985s to limit request rate
[2022-10-30 14:44:39,652] [INFO] Requesting for post #17/20, post_id = 47878
[2022-10-30 14:44:40,161] [DEBUG] https://abc.mustspace.net:8082 "GET /getNews?id=47878&userId=0 HTTP/1.1" 200 None
[2022-10-30 14:44:40,162] [INFO] Saved post #47878 raw content to ./data/posts/47878.json.
[2022-10-30 14:44:40,162] [INFO] Paused execution for 2.746s to limit request rate
[2022-10-30 14:44:42,913] [INFO] Requesting for post #18/20, post_id = 47877
[2022-10-30 14:44:45,490] [DEBUG] https://abc.mustspace.net:8082 "GET /getNews?id=47877&userId=0 HTTP/1.1" 200 None
[2022-10-30 14:44:45,493] [INFO] Saved post #47877 raw content to ./data/posts/47877.json.
[2022-10-30 14:44:45,493] [INFO] Paused execution for 1.778s to limit request rate
[2022-10-30 14:44:47,271] [INFO] Requesting for post #19/20, post_id = 47876
[2022-10-30 14:44:48,553] [DEBUG] https://abc.mustspace.net:8082 "GET /getNews?id=47876&userId=0 HTTP/1.1" 200 None
[2022-10-30 14:44:48,554] [INFO] Saved post #47876 raw content to ./data/posts/47876.json.
[2022-10-30 14:44:48,554] [INFO] Paused execution for 2.268s to limit request rate
[2022-10-30 14:44:50,827] [INFO] Requesting for post #20/20, post_id = 47875
[2022-10-30 14:44:52,755] [DEBUG] https://abc.mustspace.net:8082 "GET /getNews?id=47875&userId=0 HTTP/1.1" 200 None
[2022-10-30 14:44:52,757] [INFO] Saved post #47875 raw content to ./data/posts/47875.json.
[2022-10-30 14:44:52,757] [INFO] Paused execution for 2.955s to limit request rate
[2022-10-30 14:44:55,714] [INFO] Requesting for post listing, page #2
[2022-10-30 14:44:56,135] [DEBUG] https://abc.mustspace.net:8082 "GET /getPostList?category_id=0&userId=0&page=2&size=20 HTTP/1.1" 200 None
[2022-10-30 14:44:56,135] [INFO] 20 entries found!
[2022-10-30 14:44:56,135] [INFO] Requesting for post #1/20, post_id = 47875
[2022-10-30 14:44:56,658] [DEBUG] https://abc.mustspace.net:8082 "GET /getNews?id=47875&userId=0 HTTP/1.1" 200 None
[2022-10-30 14:44:56,658] [INFO] Saved post #47875 raw content to ./data/posts/47875.json.
[2022-10-30 14:44:56,658] [INFO] Paused execution for 1.015s to limit request rate
[2022-10-30 14:44:57,678] [INFO] Requesting for post #2/20, post_id = 47874
[2022-10-30 14:44:57,970] [DEBUG] https://abc.mustspace.net:8082 "GET /getNews?id=47874&userId=0 HTTP/1.1" 200 None
[2022-10-30 14:44:57,970] [INFO] Saved post #47874 raw content to ./data/posts/47874.json.
[2022-10-30 14:44:57,971] [INFO] Paused execution for 1.881s to limit request rate
[2022-10-30 14:44:59,855] [INFO] Requesting for post #3/20, post_id = 47873
[2022-10-30 14:45:03,213] [DEBUG] https://abc.mustspace.net:8082 "GET /getNews?id=47873&userId=0 HTTP/1.1" 200 None
[2022-10-30 14:45:03,214] [INFO] Saved post #47873 raw content to ./data/posts/47873.json.
[2022-10-30 14:45:03,214] [INFO] Paused execution for 2.052s to limit request rate
[2022-10-30 14:45:05,271] [INFO] Requesting for post #4/20, post_id = 47872
[2022-10-30 14:45:07,930] [DEBUG] https://abc.mustspace.net:8082 "GET /getNews?id=47872&userId=0 HTTP/1.1" 200 None
[2022-10-30 14:45:07,932] [INFO] Saved post #47872 raw content to ./data/posts/47872.json.
[2022-10-30 14:45:07,932] [INFO] Paused execution for 1.039s to limit request rate
[2022-10-30 14:45:08,973] [INFO] Requesting for post #5/20, post_id = 47871
[2022-10-30 14:45:11,096] [DEBUG] https://abc.mustspace.net:8082 "GET /getNews?id=47871&userId=0 HTTP/1.1" 200 None
[2022-10-30 14:45:11,096] [INFO] Saved post #47871 raw content to ./data/posts/47871.json.
[2022-10-30 14:45:11,096] [INFO] Paused execution for 2.424s to limit request rate
[2022-10-30 14:45:13,526] [INFO] Requesting for post #6/20, post_id = 47870
[2022-10-30 14:45:14,223] [DEBUG] https://abc.mustspace.net:8082 "GET /getNews?id=47870&userId=0 HTTP/1.1" 200 None
[2022-10-30 14:45:14,224] [INFO] Saved post #47870 raw content to ./data/posts/47870.json.
[2022-10-30 14:45:14,224] [INFO] Paused execution for 1.494s to limit request rate
[2022-10-30 14:45:15,722] [INFO] Requesting for post #7/20, post_id = 47869
[2022-10-30 14:45:16,391] [DEBUG] https://abc.mustspace.net:8082 "GET /getNews?id=47869&userId=0 HTTP/1.1" 200 None
[2022-10-30 14:45:16,391] [INFO] Saved post #47869 raw content to ./data/posts/47869.json.
[2022-10-30 14:45:16,391] [INFO] Paused execution for 1.829s to limit request rate
[2022-10-30 14:45:18,225] [INFO] Requesting for post #8/20, post_id = 47868
[2022-10-30 14:45:18,942] [DEBUG] https://abc.mustspace.net:8082 "GET /getNews?id=47868&userId=0 HTTP/1.1" 200 None
[2022-10-30 14:45:18,943] [INFO] Saved post #47868 raw content to ./data/posts/47868.json.
[2022-10-30 14:45:18,943] [INFO] Paused execution for 1.082s to limit request rate
[2022-10-30 14:45:20,026] [INFO] Requesting for post #9/20, post_id = 47867
[2022-10-30 14:45:20,553] [DEBUG] https://abc.mustspace.net:8082 "GET /getNews?id=47867&userId=0 HTTP/1.1" 200 None
[2022-10-30 14:45:20,553] [INFO] Saved post #47867 raw content to ./data/posts/47867.json.
[2022-10-30 14:45:20,553] [INFO] Paused execution for 2.665s to limit request rate
[2022-10-30 14:45:23,221] [INFO] Requesting for post #10/20, post_id = 47866
[2022-10-30 14:45:23,732] [DEBUG] https://abc.mustspace.net:8082 "GET /getNews?id=47866&userId=0 HTTP/1.1" 200 None
[2022-10-30 14:45:23,733] [INFO] Saved post #47866 raw content to ./data/posts/47866.json.
[2022-10-30 14:45:23,733] [INFO] Paused execution for 1.767s to limit request rate
[2022-10-30 14:45:25,505] [INFO] Requesting for post #11/20, post_id = 47865
[2022-10-30 14:45:26,806] [DEBUG] https://abc.mustspace.net:8082 "GET /getNews?id=47865&userId=0 HTTP/1.1" 200 None
[2022-10-30 14:45:26,807] [INFO] Saved post #47865 raw content to ./data/posts/47865.json.
[2022-10-30 14:45:26,807] [INFO] Paused execution for 1.613s to limit request rate
[2022-10-30 14:45:28,421] [INFO] Requesting for post #12/20, post_id = 47864
[2022-10-30 14:45:28,905] [DEBUG] https://abc.mustspace.net:8082 "GET /getNews?id=47864&userId=0 HTTP/1.1" 200 None
[2022-10-30 14:45:28,905] [INFO] Saved post #47864 raw content to ./data/posts/47864.json.
[2022-10-30 14:45:28,906] [INFO] Paused execution for 2.782s to limit request rate
[2022-10-30 14:45:31,688] [INFO] Requesting for post #13/20, post_id = 47863
[2022-10-30 14:45:32,049] [DEBUG] https://abc.mustspace.net:8082 "GET /getNews?id=47863&userId=0 HTTP/1.1" 200 None
[2022-10-30 14:45:32,050] [INFO] Saved post #47863 raw content to ./data/posts/47863.json.
[2022-10-30 14:45:32,050] [INFO] Paused execution for 2.424s to limit request rate
[2022-10-30 14:45:34,475] [INFO] Requesting for post #14/20, post_id = 47861
[2022-10-30 14:45:35,720] [DEBUG] https://abc.mustspace.net:8082 "GET /getNews?id=47861&userId=0 HTTP/1.1" 200 None
[2022-10-30 14:45:35,723] [INFO] Saved post #47861 raw content to ./data/posts/47861.json.
[2022-10-30 14:45:35,723] [INFO] Paused execution for 2.962s to limit request rate
[2022-10-30 14:45:38,688] [INFO] Requesting for post #15/20, post_id = 47860
[2022-10-30 14:45:39,393] [DEBUG] https://abc.mustspace.net:8082 "GET /getNews?id=47860&userId=0 HTTP/1.1" 200 None
[2022-10-30 14:45:39,395] [INFO] Saved post #47860 raw content to ./data/posts/47860.json.
[2022-10-30 14:45:39,396] [INFO] Paused execution for 2.241s to limit request rate
[2022-10-30 14:45:41,637] [INFO] Requesting for post #16/20, post_id = 47859
[2022-10-30 14:45:42,010] [DEBUG] https://abc.mustspace.net:8082 "GET /getNews?id=47859&userId=0 HTTP/1.1" 200 None
[2022-10-30 14:45:42,010] [INFO] Saved post #47859 raw content to ./data/posts/47859.json.
[2022-10-30 14:45:42,010] [INFO] Paused execution for 2.346s to limit request rate
[2022-10-30 14:45:44,361] [INFO] Requesting for post #17/20, post_id = 47858
[2022-10-30 14:45:45,214] [DEBUG] https://abc.mustspace.net:8082 "GET /getNews?id=47858&userId=0 HTTP/1.1" 200 None
[2022-10-30 14:45:45,216] [INFO] Saved post #47858 raw content to ./data/posts/47858.json.
[2022-10-30 14:45:45,217] [INFO] Paused execution for 2.723s to limit request rate
[2022-10-30 14:45:47,945] [INFO] Requesting for post #18/20, post_id = 47857
[2022-10-30 14:45:49,900] [DEBUG] https://abc.mustspace.net:8082 "GET /getNews?id=47857&userId=0 HTTP/1.1" 200 None
[2022-10-30 14:45:49,902] [INFO] Saved post #47857 raw content to ./data/posts/47857.json.
[2022-10-30 14:45:49,903] [INFO] Paused execution for 2.538s to limit request rate
[2022-10-30 14:45:52,445] [INFO] Requesting for post #19/20, post_id = 47856
[2022-10-30 14:45:53,547] [DEBUG] https://abc.mustspace.net:8082 "GET /getNews?id=47856&userId=0 HTTP/1.1" 200 None
[2022-10-30 14:45:53,548] [INFO] Saved post #47856 raw content to ./data/posts/47856.json.
[2022-10-30 14:45:53,548] [INFO] Paused execution for 1.164s to limit request rate
[2022-10-30 14:45:54,717] [INFO] Requesting for post #20/20, post_id = 47855
[2022-10-30 14:45:56,248] [DEBUG] https://abc.mustspace.net:8082 "GET /getNews?id=47855&userId=0 HTTP/1.1" 200 None
[2022-10-30 14:45:56,250] [INFO] Saved post #47855 raw content to ./data/posts/47855.json.
[2022-10-30 14:45:56,250] [INFO] Paused execution for 2.827s to limit request rate
[2022-10-30 14:45:59,079] [INFO] Requesting for post listing, page #3
[2022-10-30 14:45:59,484] [DEBUG] https://abc.mustspace.net:8082 "GET /getPostList?category_id=0&userId=0&page=3&size=20 HTTP/1.1" 200 None
[2022-10-30 14:45:59,486] [INFO] 20 entries found!
[2022-10-30 14:45:59,486] [INFO] Requesting for post #1/20, post_id = 47854
[2022-10-30 14:45:59,837] [DEBUG] https://abc.mustspace.net:8082 "GET /getNews?id=47854&userId=0 HTTP/1.1" 200 None
[2022-10-30 14:45:59,839] [INFO] Saved post #47854 raw content to ./data/posts/47854.json.
[2022-10-30 14:45:59,839] [INFO] Paused execution for 1.791s to limit request rate
[2022-10-30 14:46:01,635] [INFO] Requesting for post #2/20, post_id = 47853
[2022-10-30 14:46:03,617] [DEBUG] https://abc.mustspace.net:8082 "GET /getNews?id=47853&userId=0 HTTP/1.1" 200 None
[2022-10-30 14:46:03,618] [INFO] Saved post #47853 raw content to ./data/posts/47853.json.
[2022-10-30 14:46:03,619] [INFO] Paused execution for 2.436s to limit request rate
[2022-10-30 14:46:06,060] [INFO] Requesting for post #3/20, post_id = 47852
[2022-10-30 14:46:06,348] [DEBUG] https://abc.mustspace.net:8082 "GET /getNews?id=47852&userId=0 HTTP/1.1" 200 None
[2022-10-30 14:46:06,349] [INFO] Saved post #47852 raw content to ./data/posts/47852.json.
[2022-10-30 14:46:06,349] [INFO] Paused execution for 2.916s to limit request rate
[2022-10-30 14:46:09,270] [INFO] Requesting for post #4/20, post_id = 47849
[2022-10-30 14:46:09,505] [DEBUG] https://abc.mustspace.net:8082 "GET /getNews?id=47849&userId=0 HTTP/1.1" 200 None
[2022-10-30 14:46:09,506] [INFO] Saved post #47849 raw content to ./data/posts/47849.json.
[2022-10-30 14:46:09,506] [INFO] Paused execution for 1.565s to limit request rate
[2022-10-30 14:46:11,074] [INFO] Requesting for post #5/20, post_id = 47848
[2022-10-30 14:46:11,433] [DEBUG] https://abc.mustspace.net:8082 "GET /getNews?id=47848&userId=0 HTTP/1.1" 200 None
[2022-10-30 14:46:11,433] [INFO] Saved post #47848 raw content to ./data/posts/47848.json.
[2022-10-30 14:46:11,433] [INFO] Paused execution for 1.396s to limit request rate
[2022-10-30 14:46:12,834] [INFO] Requesting for post #6/20, post_id = 47847
[2022-10-30 14:46:13,167] [DEBUG] https://abc.mustspace.net:8082 "GET /getNews?id=47847&userId=0 HTTP/1.1" 200 None
[2022-10-30 14:46:13,168] [INFO] Saved post #47847 raw content to ./data/posts/47847.json.
[2022-10-30 14:46:13,168] [INFO] Paused execution for 1.557s to limit request rate
[2022-10-30 14:46:14,730] [INFO] Requesting for post #7/20, post_id = 47846
[2022-10-30 14:46:15,129] [DEBUG] https://abc.mustspace.net:8082 "GET /getNews?id=47846&userId=0 HTTP/1.1" 200 None
[2022-10-30 14:46:15,131] [INFO] Saved post #47846 raw content to ./data/posts/47846.json.
[2022-10-30 14:46:15,131] [INFO] Paused execution for 1.181s to limit request rate
[2022-10-30 14:46:16,317] [INFO] Requesting for post #8/20, post_id = 47845
[2022-10-30 14:46:17,135] [DEBUG] https://abc.mustspace.net:8082 "GET /getNews?id=47845&userId=0 HTTP/1.1" 200 None
[2022-10-30 14:46:17,136] [INFO] Saved post #47845 raw content to ./data/posts/47845.json.
[2022-10-30 14:46:17,136] [INFO] Paused execution for 1.701s to limit request rate
[2022-10-30 14:46:18,842] [INFO] Requesting for post #9/20, post_id = 47844
[2022-10-30 14:46:19,249] [DEBUG] https://abc.mustspace.net:8082 "GET /getNews?id=47844&userId=0 HTTP/1.1" 200 None
[2022-10-30 14:46:19,250] [INFO] Saved post #47844 raw content to ./data/posts/47844.json.
[2022-10-30 14:46:19,250] [INFO] Paused execution for 2.746s to limit request rate
[2022-10-30 14:46:22,001] [INFO] Requesting for post #10/20, post_id = 47843
[2022-10-30 14:46:23,440] [DEBUG] https://abc.mustspace.net:8082 "GET /getNews?id=47843&userId=0 HTTP/1.1" 200 None
[2022-10-30 14:46:23,442] [INFO] Saved post #47843 raw content to ./data/posts/47843.json.
[2022-10-30 14:46:23,443] [INFO] Paused execution for 2.385s to limit request rate
[2022-10-30 14:46:25,833] [INFO] Requesting for post #11/20, post_id = 47842
[2022-10-30 14:46:26,572] [DEBUG] https://abc.mustspace.net:8082 "GET /getNews?id=47842&userId=0 HTTP/1.1" 200 None
[2022-10-30 14:46:26,573] [INFO] Saved post #47842 raw content to ./data/posts/47842.json.
[2022-10-30 14:46:26,574] [INFO] Paused execution for 2.094s to limit request rate
[2022-10-30 14:46:28,672] [INFO] Requesting for post #12/20, post_id = 47841
[2022-10-30 14:46:29,197] [DEBUG] https://abc.mustspace.net:8082 "GET /getNews?id=47841&userId=0 HTTP/1.1" 200 None
[2022-10-30 14:46:29,198] [INFO] Saved post #47841 raw content to ./data/posts/47841.json.
[2022-10-30 14:46:29,198] [INFO] Paused execution for 2.343s to limit request rate
[2022-10-30 14:46:31,542] [INFO] Requesting for post #13/20, post_id = 47840
[2022-10-30 14:46:32,047] [DEBUG] https://abc.mustspace.net:8082 "GET /getNews?id=47840&userId=0 HTTP/1.1" 200 None
[2022-10-30 14:46:32,048] [INFO] Saved post #47840 raw content to ./data/posts/47840.json.
[2022-10-30 14:46:32,048] [INFO] Paused execution for 1.254s to limit request rate
[2022-10-30 14:46:33,307] [INFO] Requesting for post #14/20, post_id = 47839
[2022-10-30 14:46:33,928] [DEBUG] https://abc.mustspace.net:8082 "GET /getNews?id=47839&userId=0 HTTP/1.1" 200 None
[2022-10-30 14:46:33,930] [INFO] Saved post #47839 raw content to ./data/posts/47839.json.
[2022-10-30 14:46:33,930] [INFO] Paused execution for 2.129s to limit request rate
[2022-10-30 14:46:36,064] [INFO] Requesting for post #15/20, post_id = 47838
[2022-10-30 14:46:37,149] [DEBUG] https://abc.mustspace.net:8082 "GET /getNews?id=47838&userId=0 HTTP/1.1" 200 None
[2022-10-30 14:46:37,151] [INFO] Saved post #47838 raw content to ./data/posts/47838.json.
[2022-10-30 14:46:37,152] [INFO] Paused execution for 2.422s to limit request rate
[2022-10-30 14:46:39,579] [INFO] Requesting for post #16/20, post_id = 47837
[2022-10-30 14:46:39,802] [DEBUG] https://abc.mustspace.net:8082 "GET /getNews?id=47837&userId=0 HTTP/1.1" 200 None
[2022-10-30 14:46:39,803] [INFO] Saved post #47837 raw content to ./data/posts/47837.json.
[2022-10-30 14:46:39,804] [INFO] Paused execution for 1.694s to limit request rate
[2022-10-30 14:46:41,499] [INFO] Requesting for post #17/20, post_id = 47836
[2022-10-30 14:46:42,829] [DEBUG] https://abc.mustspace.net:8082 "GET /getNews?id=47836&userId=0 HTTP/1.1" 200 None
[2022-10-30 14:46:42,831] [INFO] Saved post #47836 raw content to ./data/posts/47836.json.
[2022-10-30 14:46:42,831] [INFO] Paused execution for 2.343s to limit request rate
[2022-10-30 14:46:45,180] [INFO] Requesting for post #18/20, post_id = 47835
[2022-10-30 14:46:47,237] [DEBUG] https://abc.mustspace.net:8082 "GET /getNews?id=47835&userId=0 HTTP/1.1" 200 None
[2022-10-30 14:46:47,239] [INFO] Saved post #47835 raw content to ./data/posts/47835.json.
[2022-10-30 14:46:47,240] [INFO] Paused execution for 1.205s to limit request rate
[2022-10-30 14:46:48,449] [INFO] Requesting for post #19/20, post_id = 47834
[2022-10-30 14:46:48,798] [DEBUG] https://abc.mustspace.net:8082 "GET /getNews?id=47834&userId=0 HTTP/1.1" 200 None
[2022-10-30 14:46:48,799] [INFO] Saved post #47834 raw content to ./data/posts/47834.json.
[2022-10-30 14:46:48,799] [INFO] Paused execution for 2.921s to limit request rate
[2022-10-30 14:46:51,725] [INFO] Requesting for post #20/20, post_id = 47833
[2022-10-30 14:46:51,961] [DEBUG] https://abc.mustspace.net:8082 "GET /getNews?id=47833&userId=0 HTTP/1.1" 200 None
[2022-10-30 14:46:51,962] [INFO] Saved post #47833 raw content to ./data/posts/47833.json.
[2022-10-30 14:46:51,962] [INFO] Paused execution for 1.423s to limit request rate
[2022-10-30 14:46:53,391] [INFO] Requesting for post listing, page #4
[2022-10-30 14:46:53,839] [DEBUG] https://abc.mustspace.net:8082 "GET /getPostList?category_id=0&userId=0&page=4&size=20 HTTP/1.1" 200 None
[2022-10-30 14:46:53,840] [INFO] 20 entries found!
[2022-10-30 14:46:53,840] [INFO] Requesting for post #1/20, post_id = 47832
[2022-10-30 14:46:54,364] [DEBUG] https://abc.mustspace.net:8082 "GET /getNews?id=47832&userId=0 HTTP/1.1" 200 None
[2022-10-30 14:46:54,366] [INFO] Saved post #47832 raw content to ./data/posts/47832.json.
[2022-10-30 14:46:54,366] [INFO] Paused execution for 1.069s to limit request rate
[2022-10-30 14:46:55,439] [INFO] Requesting for post #2/20, post_id = 47831
[2022-10-30 14:46:55,934] [DEBUG] https://abc.mustspace.net:8082 "GET /getNews?id=47831&userId=0 HTTP/1.1" 200 None
[2022-10-30 14:46:55,935] [INFO] Saved post #47831 raw content to ./data/posts/47831.json.
[2022-10-30 14:46:55,935] [INFO] Paused execution for 1.691s to limit request rate
[2022-10-30 14:46:57,631] [INFO] Requesting for post #3/20, post_id = 47830
[2022-10-30 14:46:58,557] [DEBUG] https://abc.mustspace.net:8082 "GET /getNews?id=47830&userId=0 HTTP/1.1" 200 None
[2022-10-30 14:46:58,559] [INFO] Saved post #47830 raw content to ./data/posts/47830.json.
[2022-10-30 14:46:58,560] [INFO] Paused execution for 1.961s to limit request rate
[2022-10-30 14:47:00,524] [INFO] Requesting for post #4/20, post_id = 47829
[2022-10-30 14:47:01,217] [DEBUG] https://abc.mustspace.net:8082 "GET /getNews?id=47829&userId=0 HTTP/1.1" 200 None
[2022-10-30 14:47:01,219] [INFO] Saved post #47829 raw content to ./data/posts/47829.json.
[2022-10-30 14:47:01,219] [INFO] Paused execution for 2.465s to limit request rate
[2022-10-30 14:47:03,689] [INFO] Requesting for post #5/20, post_id = 47828
[2022-10-30 14:47:04,407] [DEBUG] https://abc.mustspace.net:8082 "GET /getNews?id=47828&userId=0 HTTP/1.1" 200 None
[2022-10-30 14:47:04,409] [INFO] Saved post #47828 raw content to ./data/posts/47828.json.
[2022-10-30 14:47:04,409] [INFO] Paused execution for 2.128s to limit request rate
[2022-10-30 14:47:06,539] [INFO] Requesting for post #6/20, post_id = 47827
[2022-10-30 14:47:06,964] [DEBUG] https://abc.mustspace.net:8082 "GET /getNews?id=47827&userId=0 HTTP/1.1" 200 None
[2022-10-30 14:47:06,966] [INFO] Saved post #47827 raw content to ./data/posts/47827.json.
[2022-10-30 14:47:06,966] [INFO] Paused execution for 1.888s to limit request rate
[2022-10-30 14:47:08,859] [INFO] Requesting for post #7/20, post_id = 47826
[2022-10-30 14:47:09,565] [DEBUG] https://abc.mustspace.net:8082 "GET /getNews?id=47826&userId=0 HTTP/1.1" 200 None
[2022-10-30 14:47:09,567] [INFO] Saved post #47826 raw content to ./data/posts/47826.json.
[2022-10-30 14:47:09,567] [INFO] Paused execution for 1.309s to limit request rate
[2022-10-30 14:47:10,881] [INFO] Requesting for post #8/20, post_id = 47825
[2022-10-30 14:47:12,878] [DEBUG] https://abc.mustspace.net:8082 "GET /getNews?id=47825&userId=0 HTTP/1.1" 200 None
[2022-10-30 14:47:12,880] [INFO] Saved post #47825 raw content to ./data/posts/47825.json.
[2022-10-30 14:47:12,880] [INFO] Paused execution for 2.469s to limit request rate
[2022-10-30 14:47:15,354] [INFO] Requesting for post #9/20, post_id = 47823
[2022-10-30 14:47:16,908] [DEBUG] https://abc.mustspace.net:8082 "GET /getNews?id=47823&userId=0 HTTP/1.1" 200 None
[2022-10-30 14:47:16,911] [INFO] Saved post #47823 raw content to ./data/posts/47823.json.
[2022-10-30 14:47:16,911] [INFO] Paused execution for 2.303s to limit request rate
[2022-10-30 14:47:19,220] [INFO] Requesting for post #10/20, post_id = 47822
[2022-10-30 14:47:20,577] [DEBUG] https://abc.mustspace.net:8082 "GET /getNews?id=47822&userId=0 HTTP/1.1" 200 None
[2022-10-30 14:47:20,578] [INFO] Saved post #47822 raw content to ./data/posts/47822.json.
[2022-10-30 14:47:20,578] [INFO] Paused execution for 1.584s to limit request rate
[2022-10-30 14:47:22,166] [INFO] Requesting for post #11/20, post_id = 47821
[2022-10-30 14:47:23,725] [DEBUG] https://abc.mustspace.net:8082 "GET /getNews?id=47821&userId=0 HTTP/1.1" 200 None
[2022-10-30 14:47:23,725] [INFO] Saved post #47821 raw content to ./data/posts/47821.json.
[2022-10-30 14:47:23,725] [INFO] Paused execution for 1.857s to limit request rate
[2022-10-30 14:47:25,588] [INFO] Requesting for post #12/20, post_id = 47820
[2022-10-30 14:47:25,998] [DEBUG] https://abc.mustspace.net:8082 "GET /getNews?id=47820&userId=0 HTTP/1.1" 200 None
[2022-10-30 14:47:26,000] [INFO] Saved post #47820 raw content to ./data/posts/47820.json.
[2022-10-30 14:47:26,000] [INFO] Paused execution for 1.665s to limit request rate
[2022-10-30 14:47:27,667] [INFO] Requesting for post #13/20, post_id = 47819
[2022-10-30 14:47:28,274] [DEBUG] https://abc.mustspace.net:8082 "GET /getNews?id=47819&userId=0 HTTP/1.1" 200 None
[2022-10-30 14:47:28,275] [INFO] Saved post #47819 raw content to ./data/posts/47819.json.
[2022-10-30 14:47:28,276] [INFO] Paused execution for 2.692s to limit request rate
[2022-10-30 14:47:30,973] [INFO] Requesting for post #14/20, post_id = 47818
[2022-10-30 14:47:31,947] [DEBUG] https://abc.mustspace.net:8082 "GET /getNews?id=47818&userId=0 HTTP/1.1" 200 None
[2022-10-30 14:47:31,948] [INFO] Saved post #47818 raw content to ./data/posts/47818.json.
[2022-10-30 14:47:31,948] [INFO] Paused execution for 2.657s to limit request rate
[2022-10-30 14:47:34,610] [INFO] Requesting for post #15/20, post_id = 47817
[2022-10-30 14:47:37,191] [DEBUG] https://abc.mustspace.net:8082 "GET /getNews?id=47817&userId=0 HTTP/1.1" 200 None
[2022-10-30 14:47:37,191] [INFO] Saved post #47817 raw content to ./data/posts/47817.json.
[2022-10-30 14:47:37,191] [INFO] Paused execution for 2.567s to limit request rate
[2022-10-30 14:47:39,764] [INFO] Requesting for post #16/20, post_id = 47814
[2022-10-30 14:47:41,384] [DEBUG] https://abc.mustspace.net:8082 "GET /getNews?id=47814&userId=0 HTTP/1.1" 200 None
[2022-10-30 14:47:41,386] [INFO] Saved post #47814 raw content to ./data/posts/47814.json.
[2022-10-30 14:47:41,386] [INFO] Paused execution for 1.406s to limit request rate
[2022-10-30 14:47:42,794] [INFO] Requesting for post #17/20, post_id = 47812
[2022-10-30 14:47:43,480] [DEBUG] https://abc.mustspace.net:8082 "GET /getNews?id=47812&userId=0 HTTP/1.1" 200 None
[2022-10-30 14:47:43,482] [INFO] Saved post #47812 raw content to ./data/posts/47812.json.
[2022-10-30 14:47:43,483] [INFO] Paused execution for 1.922s to limit request rate
[2022-10-30 14:47:45,410] [INFO] Requesting for post #18/20, post_id = 47811
[2022-10-30 14:47:46,104] [DEBUG] https://abc.mustspace.net:8082 "GET /getNews?id=47811&userId=0 HTTP/1.1" 200 None
[2022-10-30 14:47:46,105] [INFO] Saved post #47811 raw content to ./data/posts/47811.json.
[2022-10-30 14:47:46,105] [INFO] Paused execution for 1.612s to limit request rate
[2022-10-30 14:47:47,722] [INFO] Requesting for post #19/20, post_id = 47810
[2022-10-30 14:47:49,464] [DEBUG] https://abc.mustspace.net:8082 "GET /getNews?id=47810&userId=0 HTTP/1.1" 200 None
[2022-10-30 14:47:49,465] [INFO] Saved post #47810 raw content to ./data/posts/47810.json.
[2022-10-30 14:47:49,466] [INFO] Paused execution for 1.781s to limit request rate
[2022-10-30 14:47:51,252] [INFO] Requesting for post #20/20, post_id = 47809
[2022-10-30 14:47:52,499] [DEBUG] https://abc.mustspace.net:8082 "GET /getNews?id=47809&userId=0 HTTP/1.1" 200 None
[2022-10-30 14:47:52,499] [INFO] Saved post #47809 raw content to ./data/posts/47809.json.
[2022-10-30 14:47:52,499] [INFO] Paused execution for 2.441s to limit request rate
[2022-10-30 14:47:54,945] [INFO] Requesting for post listing, page #5
[2022-10-30 14:47:56,062] [DEBUG] https://abc.mustspace.net:8082 "GET /getPostList?category_id=0&userId=0&page=5&size=20 HTTP/1.1" 200 None
[2022-10-30 14:47:56,065] [INFO] 20 entries found!
[2022-10-30 14:47:56,066] [INFO] Requesting for post #1/20, post_id = 47808
[2022-10-30 14:47:56,775] [DEBUG] https://abc.mustspace.net:8082 "GET /getNews?id=47808&userId=0 HTTP/1.1" 200 None
[2022-10-30 14:47:56,777] [INFO] Saved post #47808 raw content to ./data/posts/47808.json.
[2022-10-30 14:47:56,777] [INFO] Paused execution for 1.696s to limit request rate
[2022-10-30 14:47:58,476] [INFO] Requesting for post #2/20, post_id = 47807
[2022-10-30 14:47:59,750] [DEBUG] https://abc.mustspace.net:8082 "GET /getNews?id=47807&userId=0 HTTP/1.1" 200 None
[2022-10-30 14:47:59,751] [INFO] Saved post #47807 raw content to ./data/posts/47807.json.
[2022-10-30 14:47:59,752] [INFO] Paused execution for 1.238s to limit request rate
[2022-10-30 14:48:00,995] [INFO] Requesting for post #3/20, post_id = 47806
[2022-10-30 14:48:01,994] [DEBUG] https://abc.mustspace.net:8082 "GET /getNews?id=47806&userId=0 HTTP/1.1" 200 None
[2022-10-30 14:48:01,995] [INFO] Saved post #47806 raw content to ./data/posts/47806.json.
[2022-10-30 14:48:01,995] [INFO] Paused execution for 2.471s to limit request rate
[2022-10-30 14:48:04,470] [INFO] Requesting for post #4/20, post_id = 47805
[2022-10-30 14:48:05,710] [DEBUG] https://abc.mustspace.net:8082 "GET /getNews?id=47805&userId=0 HTTP/1.1" 200 None
[2022-10-30 14:48:05,710] [INFO] Saved post #47805 raw content to ./data/posts/47805.json.
[2022-10-30 14:48:05,710] [INFO] Paused execution for 2.211s to limit request rate
[2022-10-30 14:48:07,926] [INFO] Requesting for post #5/20, post_id = 47804
[2022-10-30 14:48:08,766] [DEBUG] https://abc.mustspace.net:8082 "GET /getNews?id=47804&userId=0 HTTP/1.1" 200 None
[2022-10-30 14:48:08,767] [INFO] Saved post #47804 raw content to ./data/posts/47804.json.
[2022-10-30 14:48:08,767] [INFO] Paused execution for 2.97s to limit request rate
[2022-10-30 14:48:11,742] [INFO] Requesting for post #6/20, post_id = 47802
[2022-10-30 14:48:13,888] [DEBUG] https://abc.mustspace.net:8082 "GET /getNews?id=47802&userId=0 HTTP/1.1" 200 None
[2022-10-30 14:48:13,888] [INFO] Saved post #47802 raw content to ./data/posts/47802.json.
[2022-10-30 14:48:13,889] [INFO] Paused execution for 1.844s to limit request rate
[2022-10-30 14:48:15,738] [INFO] Requesting for post #7/20, post_id = 47801
[2022-10-30 14:48:17,034] [DEBUG] https://abc.mustspace.net:8082 "GET /getNews?id=47801&userId=0 HTTP/1.1" 200 None
[2022-10-30 14:48:17,035] [INFO] Saved post #47801 raw content to ./data/posts/47801.json.
[2022-10-30 14:48:17,035] [INFO] Paused execution for 2.426s to limit request rate
[2022-10-30 14:48:19,467] [INFO] Requesting for post #8/20, post_id = 47800
[2022-10-30 14:48:20,181] [DEBUG] https://abc.mustspace.net:8082 "GET /getNews?id=47800&userId=0 HTTP/1.1" 200 None
[2022-10-30 14:48:20,183] [INFO] Saved post #47800 raw content to ./data/posts/47800.json.
[2022-10-30 14:48:20,183] [INFO] Paused execution for 2.648s to limit request rate
[2022-10-30 14:48:22,835] [INFO] Requesting for post #9/20, post_id = 47799
[2022-10-30 14:48:23,327] [DEBUG] https://abc.mustspace.net:8082 "GET /getNews?id=47799&userId=0 HTTP/1.1" 200 None
[2022-10-30 14:48:23,329] [INFO] Saved post #47799 raw content to ./data/posts/47799.json.
[2022-10-30 14:48:23,330] [INFO] Paused execution for 1.181s to limit request rate
[2022-10-30 14:48:24,516] [INFO] Requesting for post #10/20, post_id = 47798
[2022-10-30 14:48:24,899] [DEBUG] https://abc.mustspace.net:8082 "GET /getNews?id=47798&userId=0 HTTP/1.1" 200 None
[2022-10-30 14:48:24,900] [INFO] Saved post #47798 raw content to ./data/posts/47798.json.
[2022-10-30 14:48:24,900] [INFO] Paused execution for 1.46s to limit request rate
[2022-10-30 14:48:26,365] [INFO] Requesting for post #11/20, post_id = 47797
[2022-10-30 14:48:27,102] [DEBUG] https://abc.mustspace.net:8082 "GET /getNews?id=47797&userId=0 HTTP/1.1" 200 None
[2022-10-30 14:48:27,104] [INFO] Saved post #47797 raw content to ./data/posts/47797.json.
[2022-10-30 14:48:27,104] [INFO] Paused execution for 1.025s to limit request rate
[2022-10-30 14:48:28,132] [INFO] Requesting for post #12/20, post_id = 47796
[2022-10-30 14:48:28,375] [DEBUG] https://abc.mustspace.net:8082 "GET /getNews?id=47796&userId=0 HTTP/1.1" 200 None
[2022-10-30 14:48:28,377] [INFO] Saved post #47796 raw content to ./data/posts/47796.json.
[2022-10-30 14:48:28,377] [INFO] Paused execution for 2.878s to limit request rate
[2022-10-30 14:48:31,257] [INFO] Requesting for post #13/20, post_id = 47794
[2022-10-30 14:48:31,715] [DEBUG] https://abc.mustspace.net:8082 "GET /getNews?id=47794&userId=0 HTTP/1.1" 200 None
[2022-10-30 14:48:31,717] [INFO] Saved post #47794 raw content to ./data/posts/47794.json.
[2022-10-30 14:48:31,717] [INFO] Paused execution for 2.418s to limit request rate
[2022-10-30 14:48:34,141] [INFO] Requesting for post #14/20, post_id = 47793
[2022-10-30 14:48:36,499] [DEBUG] https://abc.mustspace.net:8082 "GET /getNews?id=47793&userId=0 HTTP/1.1" 200 None
[2022-10-30 14:48:36,501] [INFO] Saved post #47793 raw content to ./data/posts/47793.json.
[2022-10-30 14:48:36,501] [INFO] Paused execution for 2.097s to limit request rate
[2022-10-30 14:48:38,602] [INFO] Requesting for post #15/20, post_id = 47792
[2022-10-30 14:48:40,104] [DEBUG] https://abc.mustspace.net:8082 "GET /getNews?id=47792&userId=0 HTTP/1.1" 200 None
[2022-10-30 14:48:40,105] [INFO] Saved post #47792 raw content to ./data/posts/47792.json.
[2022-10-30 14:48:40,106] [INFO] Paused execution for 2.091s to limit request rate
[2022-10-30 14:48:42,202] [INFO] Requesting for post #16/20, post_id = 47791
[2022-10-30 14:48:42,202] [DEBUG] Resetting dropped connection: abc.mustspace.net
[2022-10-30 14:48:42,769] [DEBUG] https://abc.mustspace.net:8082 "GET /getNews?id=47791&userId=0 HTTP/1.1" 200 None
[2022-10-30 14:48:42,770] [INFO] Saved post #47791 raw content to ./data/posts/47791.json.
[2022-10-30 14:48:42,770] [INFO] Paused execution for 1.706s to limit request rate
[2022-10-30 14:48:44,481] [INFO] Requesting for post #17/20, post_id = 47790
[2022-10-30 14:48:45,871] [DEBUG] https://abc.mustspace.net:8082 "GET /getNews?id=47790&userId=0 HTTP/1.1" 200 None
[2022-10-30 14:48:45,871] [INFO] Saved post #47790 raw content to ./data/posts/47790.json.
[2022-10-30 14:48:45,871] [INFO] Paused execution for 1.996s to limit request rate
[2022-10-30 14:48:47,872] [INFO] Requesting for post #18/20, post_id = 47789
[2022-10-30 14:48:48,493] [DEBUG] https://abc.mustspace.net:8082 "GET /getNews?id=47789&userId=0 HTTP/1.1" 200 None
[2022-10-30 14:48:48,493] [INFO] Saved post #47789 raw content to ./data/posts/47789.json.
[2022-10-30 14:48:48,493] [INFO] Paused execution for 2.999s to limit request rate
[2022-10-30 14:48:51,494] [INFO] Requesting for post #19/20, post_id = 47788
[2022-10-30 14:48:51,901] [DEBUG] https://abc.mustspace.net:8082 "GET /getNews?id=47788&userId=0 HTTP/1.1" 200 None
[2022-10-30 14:48:51,902] [INFO] Saved post #47788 raw content to ./data/posts/47788.json.
[2022-10-30 14:48:51,902] [INFO] Paused execution for 2.526s to limit request rate
[2022-10-30 14:48:54,433] [INFO] Requesting for post #20/20, post_id = 47784
[2022-10-30 14:48:55,833] [DEBUG] https://abc.mustspace.net:8082 "GET /getNews?id=47784&userId=0 HTTP/1.1" 200 None
[2022-10-30 14:48:55,835] [INFO] Saved post #47784 raw content to ./data/posts/47784.json.
[2022-10-30 14:48:55,835] [INFO] Paused execution for 1.259s to limit request rate
[2022-10-30 14:48:57,099] [INFO] Requesting for post listing, page #6
[2022-10-30 14:48:57,931] [DEBUG] https://abc.mustspace.net:8082 "GET /getPostList?category_id=0&userId=0&page=6&size=20 HTTP/1.1" 200 None
[2022-10-30 14:48:57,932] [INFO] 20 entries found!
[2022-10-30 14:48:57,932] [INFO] Requesting for post #1/20, post_id = 47783
[2022-10-30 14:48:59,044] [DEBUG] https://abc.mustspace.net:8082 "GET /getNews?id=47783&userId=0 HTTP/1.1" 200 None
[2022-10-30 14:48:59,044] [INFO] Saved post #47783 raw content to ./data/posts/47783.json.
[2022-10-30 14:48:59,045] [INFO] Paused execution for 1.922s to limit request rate
[2022-10-30 14:49:00,972] [INFO] Requesting for post #2/20, post_id = 47779
[2022-10-30 14:49:02,319] [DEBUG] https://abc.mustspace.net:8082 "GET /getNews?id=47779&userId=0 HTTP/1.1" 200 None
[2022-10-30 14:49:02,322] [INFO] Saved post #47779 raw content to ./data/posts/47779.json.
[2022-10-30 14:49:02,322] [INFO] Paused execution for 2.425s to limit request rate
[2022-10-30 14:49:04,748] [INFO] Requesting for post #3/20, post_id = 47777
[2022-10-30 14:49:05,268] [DEBUG] https://abc.mustspace.net:8082 "GET /getNews?id=47777&userId=0 HTTP/1.1" 200 None
[2022-10-30 14:49:05,269] [INFO] Saved post #47777 raw content to ./data/posts/47777.json.
[2022-10-30 14:49:05,269] [INFO] Paused execution for 1.529s to limit request rate
[2022-10-30 14:49:06,804] [INFO] Requesting for post #4/20, post_id = 47776
[2022-10-30 14:49:07,364] [DEBUG] https://abc.mustspace.net:8082 "GET /getNews?id=47776&userId=0 HTTP/1.1" 200 None
[2022-10-30 14:49:07,365] [INFO] Saved post #47776 raw content to ./data/posts/47776.json.
[2022-10-30 14:49:07,366] [INFO] Paused execution for 1.919s to limit request rate
[2022-10-30 14:49:09,286] [INFO] Requesting for post #5/20, post_id = 47775
[2022-10-30 14:49:09,679] [DEBUG] https://abc.mustspace.net:8082 "GET /getNews?id=47775&userId=0 HTTP/1.1" 200 None
[2022-10-30 14:49:09,680] [INFO] Saved post #47775 raw content to ./data/posts/47775.json.
[2022-10-30 14:49:09,680] [INFO] Paused execution for 1.412s to limit request rate
[2022-10-30 14:49:11,097] [INFO] Requesting for post #6/20, post_id = 47773
[2022-10-30 14:49:12,084] [DEBUG] https://abc.mustspace.net:8082 "GET /getNews?id=47773&userId=0 HTTP/1.1" 200 None
[2022-10-30 14:49:12,085] [INFO] Saved post #47773 raw content to ./data/posts/47773.json.
[2022-10-30 14:49:12,085] [INFO] Paused execution for 2.067s to limit request rate
[2022-10-30 14:49:14,153] [INFO] Requesting for post #7/20, post_id = 47771
[2022-10-30 14:49:15,755] [DEBUG] https://abc.mustspace.net:8082 "GET /getNews?id=47771&userId=0 HTTP/1.1" 200 None
[2022-10-30 14:49:15,756] [INFO] Saved post #47771 raw content to ./data/posts/47771.json.
[2022-10-30 14:49:15,757] [INFO] Paused execution for 2.72s to limit request rate
[2022-10-30 14:49:18,478] [INFO] Requesting for post #8/20, post_id = 47770
[2022-10-30 14:49:20,032] [DEBUG] https://abc.mustspace.net:8082 "GET /getNews?id=47770&userId=0 HTTP/1.1" 200 None
[2022-10-30 14:49:20,034] [INFO] Saved post #47770 raw content to ./data/posts/47770.json.
[2022-10-30 14:49:20,035] [INFO] Paused execution for 1.354s to limit request rate
[2022-10-30 14:49:21,394] [INFO] Requesting for post #9/20, post_id = 47769
[2022-10-30 14:49:22,073] [DEBUG] https://abc.mustspace.net:8082 "GET /getNews?id=47769&userId=0 HTTP/1.1" 200 None
[2022-10-30 14:49:22,074] [INFO] Saved post #47769 raw content to ./data/posts/47769.json.
[2022-10-30 14:49:22,074] [INFO] Paused execution for 2.67s to limit request rate
[2022-10-30 14:49:24,749] [INFO] Requesting for post #10/20, post_id = 47768
[2022-10-30 14:49:25,905] [DEBUG] https://abc.mustspace.net:8082 "GET /getNews?id=47768&userId=0 HTTP/1.1" 200 None
[2022-10-30 14:49:25,907] [INFO] Saved post #47768 raw content to ./data/posts/47768.json.
[2022-10-30 14:49:25,907] [INFO] Paused execution for 2.043s to limit request rate
[2022-10-30 14:49:27,954] [INFO] Requesting for post #11/20, post_id = 47766
[2022-10-30 14:49:28,438] [DEBUG] https://abc.mustspace.net:8082 "GET /getNews?id=47766&userId=0 HTTP/1.1" 200 None
[2022-10-30 14:49:28,439] [INFO] Saved post #47766 raw content to ./data/posts/47766.json.
[2022-10-30 14:49:28,439] [INFO] Paused execution for 2.413s to limit request rate
[2022-10-30 14:49:30,855] [INFO] Requesting for post #12/20, post_id = 47763
[2022-10-30 14:49:31,101] [DEBUG] https://abc.mustspace.net:8082 "GET /getNews?id=47763&userId=0 HTTP/1.1" 200 None
[2022-10-30 14:49:31,103] [INFO] Saved post #47763 raw content to ./data/posts/47763.json.
[2022-10-30 14:49:31,103] [INFO] Paused execution for 1.043s to limit request rate
[2022-10-30 14:49:32,151] [INFO] Requesting for post #13/20, post_id = 47761
[2022-10-30 14:49:32,563] [DEBUG] https://abc.mustspace.net:8082 "GET /getNews?id=47761&userId=0 HTTP/1.1" 200 None
[2022-10-30 14:49:32,564] [INFO] Saved post #47761 raw content to ./data/posts/47761.json.
[2022-10-30 14:49:32,564] [INFO] Paused execution for 1.511s to limit request rate
[2022-10-30 14:49:34,080] [INFO] Requesting for post #14/20, post_id = 47760
[2022-10-30 14:49:34,322] [DEBUG] https://abc.mustspace.net:8082 "GET /getNews?id=47760&userId=0 HTTP/1.1" 200 None
[2022-10-30 14:49:34,323] [INFO] Saved post #47760 raw content to ./data/posts/47760.json.
[2022-10-30 14:49:34,323] [INFO] Paused execution for 1.957s to limit request rate
[2022-10-30 14:49:36,285] [INFO] Requesting for post #15/20, post_id = 47759
[2022-10-30 14:49:38,833] [DEBUG] https://abc.mustspace.net:8082 "GET /getNews?id=47759&userId=0 HTTP/1.1" 200 None
[2022-10-30 14:49:38,835] [INFO] Saved post #47759 raw content to ./data/posts/47759.json.
[2022-10-30 14:49:38,835] [INFO] Paused execution for 1.508s to limit request rate
[2022-10-30 14:49:40,348] [INFO] Requesting for post #16/20, post_id = 47758
[2022-10-30 14:49:41,536] [DEBUG] https://abc.mustspace.net:8082 "GET /getNews?id=47758&userId=0 HTTP/1.1" 200 None
[2022-10-30 14:49:41,538] [INFO] Saved post #47758 raw content to ./data/posts/47758.json.
[2022-10-30 14:49:41,538] [INFO] Paused execution for 1.518s to limit request rate
[2022-10-30 14:49:43,058] [INFO] Requesting for post #17/20, post_id = 47757
[2022-10-30 14:49:44,067] [DEBUG] https://abc.mustspace.net:8082 "GET /getNews?id=47757&userId=0 HTTP/1.1" 200 None
[2022-10-30 14:49:44,067] [INFO] Saved post #47757 raw content to ./data/posts/47757.json.
[2022-10-30 14:49:44,067] [INFO] Paused execution for 2.408s to limit request rate
[2022-10-30 14:49:46,481] [INFO] Requesting for post #18/20, post_id = 47756
[2022-10-30 14:49:46,908] [DEBUG] https://abc.mustspace.net:8082 "GET /getNews?id=47756&userId=0 HTTP/1.1" 200 None
[2022-10-30 14:49:46,911] [INFO] Saved post #47756 raw content to ./data/posts/47756.json.
[2022-10-30 14:49:46,911] [INFO] Paused execution for 1.421s to limit request rate
[2022-10-30 14:49:48,337] [INFO] Requesting for post #19/20, post_id = 47754
[2022-10-30 14:49:48,899] [DEBUG] https://abc.mustspace.net:8082 "GET /getNews?id=47754&userId=0 HTTP/1.1" 200 None
[2022-10-30 14:49:48,900] [INFO] Saved post #47754 raw content to ./data/posts/47754.json.
[2022-10-30 14:49:48,900] [INFO] Paused execution for 2.499s to limit request rate
[2022-10-30 14:49:51,404] [INFO] Requesting for post #20/20, post_id = 47753
[2022-10-30 14:49:51,975] [DEBUG] https://abc.mustspace.net:8082 "GET /getNews?id=47753&userId=0 HTTP/1.1" 200 None
[2022-10-30 14:49:51,976] [INFO] Saved post #47753 raw content to ./data/posts/47753.json.
[2022-10-30 14:49:51,976] [INFO] Paused execution for 1.044s to limit request rate
[2022-10-30 14:49:53,025] [INFO] Requesting for post listing, page #7
[2022-10-30 14:49:54,554] [DEBUG] https://abc.mustspace.net:8082 "GET /getPostList?category_id=0&userId=0&page=7&size=20 HTTP/1.1" 200 None
[2022-10-30 14:49:54,556] [INFO] 20 entries found!
[2022-10-30 14:49:54,556] [INFO] Requesting for post #1/20, post_id = 47752
[2022-10-30 14:49:55,639] [DEBUG] https://abc.mustspace.net:8082 "GET /getNews?id=47752&userId=0 HTTP/1.1" 200 None
[2022-10-30 14:49:55,639] [INFO] Saved post #47752 raw content to ./data/posts/47752.json.
[2022-10-30 14:49:55,640] [INFO] Paused execution for 2.598s to limit request rate
[2022-10-30 14:49:58,243] [INFO] Requesting for post #2/20, post_id = 47751
[2022-10-30 14:50:00,368] [DEBUG] https://abc.mustspace.net:8082 "GET /getNews?id=47751&userId=0 HTTP/1.1" 200 None
[2022-10-30 14:50:00,368] [INFO] Saved post #47751 raw content to ./data/posts/47751.json.
[2022-10-30 14:50:00,368] [INFO] Paused execution for 1.092s to limit request rate
[2022-10-30 14:50:01,466] [INFO] Requesting for post #3/20, post_id = 47748
[2022-10-30 14:50:02,467] [DEBUG] https://abc.mustspace.net:8082 "GET /getNews?id=47748&userId=0 HTTP/1.1" 200 None
[2022-10-30 14:50:02,468] [INFO] Saved post #47748 raw content to ./data/posts/47748.json.
[2022-10-30 14:50:02,469] [INFO] Paused execution for 2.399s to limit request rate
[2022-10-30 14:50:04,868] [INFO] Requesting for post #4/20, post_id = 47746
[2022-10-30 14:50:05,563] [DEBUG] https://abc.mustspace.net:8082 "GET /getNews?id=47746&userId=0 HTTP/1.1" 200 None
[2022-10-30 14:50:05,565] [INFO] Saved post #47746 raw content to ./data/posts/47746.json.
[2022-10-30 14:50:05,565] [INFO] Paused execution for 1.529s to limit request rate
[2022-10-30 14:50:07,096] [INFO] Requesting for post #5/20, post_id = 47744
[2022-10-30 14:50:07,896] [DEBUG] https://abc.mustspace.net:8082 "GET /getNews?id=47744&userId=0 HTTP/1.1" 200 None
[2022-10-30 14:50:07,898] [INFO] Saved post #47744 raw content to ./data/posts/47744.json.
[2022-10-30 14:50:07,898] [INFO] Paused execution for 1.809s to limit request rate
[2022-10-30 14:50:09,712] [INFO] Requesting for post #6/20, post_id = 47743
[2022-10-30 14:50:10,374] [DEBUG] https://abc.mustspace.net:8082 "GET /getNews?id=47743&userId=0 HTTP/1.1" 200 None
[2022-10-30 14:50:10,376] [INFO] Saved post #47743 raw content to ./data/posts/47743.json.
[2022-10-30 14:50:10,376] [INFO] Paused execution for 1.627s to limit request rate
[2022-10-30 14:50:12,008] [INFO] Requesting for post #7/20, post_id = 47742
[2022-10-30 14:50:12,495] [DEBUG] https://abc.mustspace.net:8082 "GET /getNews?id=47742&userId=0 HTTP/1.1" 200 None
[2022-10-30 14:50:12,496] [INFO] Saved post #47742 raw content to ./data/posts/47742.json.
[2022-10-30 14:50:12,497] [INFO] Paused execution for 2.421s to limit request rate
[2022-10-30 14:50:14,919] [INFO] Requesting for post #8/20, post_id = 47740
[2022-10-30 14:50:16,048] [DEBUG] https://abc.mustspace.net:8082 "GET /getNews?id=47740&userId=0 HTTP/1.1" 200 None
[2022-10-30 14:50:16,051] [INFO] Saved post #47740 raw content to ./data/posts/47740.json.
[2022-10-30 14:50:16,051] [INFO] Paused execution for 2.685s to limit request rate
[2022-10-30 14:50:18,739] [INFO] Requesting for post #9/20, post_id = 47739
[2022-10-30 14:50:19,716] [DEBUG] https://abc.mustspace.net:8082 "GET /getNews?id=47739&userId=0 HTTP/1.1" 200 None
[2022-10-30 14:50:19,719] [INFO] Saved post #47739 raw content to ./data/posts/47739.json.
[2022-10-30 14:50:19,719] [INFO] Paused execution for 1.281s to limit request rate
[2022-10-30 14:50:21,005] [INFO] Requesting for post #10/20, post_id = 47738
[2022-10-30 14:50:21,815] [DEBUG] https://abc.mustspace.net:8082 "GET /getNews?id=47738&userId=0 HTTP/1.1" 200 None
[2022-10-30 14:50:21,816] [INFO] Saved post #47738 raw content to ./data/posts/47738.json.
[2022-10-30 14:50:21,816] [INFO] Paused execution for 2.094s to limit request rate
[2022-10-30 14:50:23,913] [INFO] Requesting for post #11/20, post_id = 47737
[2022-10-30 14:50:25,956] [DEBUG] https://abc.mustspace.net:8082 "GET /getNews?id=47737&userId=0 HTTP/1.1" 200 None
[2022-10-30 14:50:25,957] [INFO] Saved post #47737 raw content to ./data/posts/47737.json.
[2022-10-30 14:50:25,957] [INFO] Paused execution for 1.621s to limit request rate
[2022-10-30 14:50:27,583] [INFO] Requesting for post #12/20, post_id = 47734
[2022-10-30 14:50:29,181] [DEBUG] https://abc.mustspace.net:8082 "GET /getNews?id=47734&userId=0 HTTP/1.1" 200 None
[2022-10-30 14:50:29,182] [INFO] Saved post #47734 raw content to ./data/posts/47734.json.
[2022-10-30 14:50:29,182] [INFO] Paused execution for 1.48s to limit request rate
[2022-10-30 14:50:30,664] [INFO] Requesting for post #13/20, post_id = 47731
[2022-10-30 14:50:31,059] [DEBUG] https://abc.mustspace.net:8082 "GET /getNews?id=47731&userId=0 HTTP/1.1" 200 None
[2022-10-30 14:50:31,061] [INFO] Saved post #47731 raw content to ./data/posts/47731.json.
[2022-10-30 14:50:31,061] [INFO] Paused execution for 2.095s to limit request rate
[2022-10-30 14:50:33,162] [INFO] Requesting for post #14/20, post_id = 47730
[2022-10-30 14:50:34,334] [DEBUG] https://abc.mustspace.net:8082 "GET /getNews?id=47730&userId=0 HTTP/1.1" 200 None
[2022-10-30 14:50:34,335] [INFO] Saved post #47730 raw content to ./data/posts/47730.json.
[2022-10-30 14:50:34,335] [INFO] Paused execution for 2.327s to limit request rate
[2022-10-30 14:50:36,668] [INFO] Requesting for post #15/20, post_id = 47727
[2022-10-30 14:50:37,092] [DEBUG] https://abc.mustspace.net:8082 "GET /getNews?id=47727&userId=0 HTTP/1.1" 200 None
[2022-10-30 14:50:37,093] [INFO] Saved post #47727 raw content to ./data/posts/47727.json.
[2022-10-30 14:50:37,093] [INFO] Paused execution for 1.707s to limit request rate
[2022-10-30 14:50:38,806] [INFO] Requesting for post #16/20, post_id = 47726
[2022-10-30 14:50:39,098] [DEBUG] https://abc.mustspace.net:8082 "GET /getNews?id=47726&userId=0 HTTP/1.1" 200 None
[2022-10-30 14:50:39,100] [INFO] Saved post #47726 raw content to ./data/posts/47726.json.
[2022-10-30 14:50:39,101] [INFO] Paused execution for 2.466s to limit request rate
[2022-10-30 14:50:41,569] [INFO] Requesting for post #17/20, post_id = 47725
[2022-10-30 14:50:41,799] [DEBUG] https://abc.mustspace.net:8082 "GET /getNews?id=47725&userId=0 HTTP/1.1" 200 None
[2022-10-30 14:50:41,800] [INFO] Saved post #47725 raw content to ./data/posts/47725.json.
[2022-10-30 14:50:41,800] [INFO] Paused execution for 1.521s to limit request rate
[2022-10-30 14:50:43,326] [INFO] Requesting for post #18/20, post_id = 47724
[2022-10-30 14:50:43,681] [DEBUG] https://abc.mustspace.net:8082 "GET /getNews?id=47724&userId=0 HTTP/1.1" 200 None
[2022-10-30 14:50:43,682] [INFO] Saved post #47724 raw content to ./data/posts/47724.json.
[2022-10-30 14:50:43,682] [INFO] Paused execution for 1.812s to limit request rate
[2022-10-30 14:50:45,495] [INFO] Requesting for post #19/20, post_id = 47723
[2022-10-30 14:50:45,901] [DEBUG] https://abc.mustspace.net:8082 "GET /getNews?id=47723&userId=0 HTTP/1.1" 200 None
[2022-10-30 14:50:45,902] [INFO] Saved post #47723 raw content to ./data/posts/47723.json.
[2022-10-30 14:50:45,903] [INFO] Paused execution for 2.854s to limit request rate
[2022-10-30 14:50:48,762] [INFO] Requesting for post #20/20, post_id = 47722
[2022-10-30 14:50:50,744] [DEBUG] https://abc.mustspace.net:8082 "GET /getNews?id=47722&userId=0 HTTP/1.1" 200 None
[2022-10-30 14:50:50,745] [INFO] Saved post #47722 raw content to ./data/posts/47722.json.
[2022-10-30 14:50:50,746] [INFO] Paused execution for 2.051s to limit request rate
[2022-10-30 14:50:52,798] [INFO] Requesting for post listing, page #8
[2022-10-30 14:50:53,209] [DEBUG] https://abc.mustspace.net:8082 "GET /getPostList?category_id=0&userId=0&page=8&size=20 HTTP/1.1" 200 None
[2022-10-30 14:50:53,210] [INFO] 20 entries found!
[2022-10-30 14:50:53,210] [INFO] Requesting for post #1/20, post_id = 47721
[2022-10-30 14:50:54,478] [DEBUG] https://abc.mustspace.net:8082 "GET /getNews?id=47721&userId=0 HTTP/1.1" 200 None
[2022-10-30 14:50:54,479] [INFO] Saved post #47721 raw content to ./data/posts/47721.json.
[2022-10-30 14:50:54,479] [INFO] Paused execution for 1.302s to limit request rate
[2022-10-30 14:50:55,786] [INFO] Requesting for post #2/20, post_id = 47718
[2022-10-30 14:50:56,553] [DEBUG] https://abc.mustspace.net:8082 "GET /getNews?id=47718&userId=0 HTTP/1.1" 200 None
[2022-10-30 14:50:56,555] [INFO] Saved post #47718 raw content to ./data/posts/47718.json.
[2022-10-30 14:50:56,555] [INFO] Paused execution for 2.086s to limit request rate
[2022-10-30 14:50:58,642] [INFO] Requesting for post #3/20, post_id = 47717
[2022-10-30 14:50:58,978] [DEBUG] https://abc.mustspace.net:8082 "GET /getNews?id=47717&userId=0 HTTP/1.1" 200 None
[2022-10-30 14:50:58,979] [INFO] Saved post #47717 raw content to ./data/posts/47717.json.
[2022-10-30 14:50:58,980] [INFO] Paused execution for 2.302s to limit request rate
[2022-10-30 14:51:01,285] [INFO] Requesting for post #4/20, post_id = 47716
[2022-10-30 14:51:01,599] [DEBUG] https://abc.mustspace.net:8082 "GET /getNews?id=47716&userId=0 HTTP/1.1" 200 None
[2022-10-30 14:51:01,600] [INFO] Saved post #47716 raw content to ./data/posts/47716.json.
[2022-10-30 14:51:01,601] [INFO] Paused execution for 2.56s to limit request rate
[2022-10-30 14:51:04,166] [INFO] Requesting for post #5/20, post_id = 47715
[2022-10-30 14:51:04,456] [DEBUG] https://abc.mustspace.net:8082 "GET /getNews?id=47715&userId=0 HTTP/1.1" 200 None
[2022-10-30 14:51:04,458] [INFO] Saved post #47715 raw content to ./data/posts/47715.json.
[2022-10-30 14:51:04,458] [INFO] Paused execution for 1.041s to limit request rate
[2022-10-30 14:51:05,501] [INFO] Requesting for post #6/20, post_id = 47714
[2022-10-30 14:51:06,871] [DEBUG] https://abc.mustspace.net:8082 "GET /getNews?id=47714&userId=0 HTTP/1.1" 200 None
[2022-10-30 14:51:06,873] [INFO] Saved post #47714 raw content to ./data/posts/47714.json.
[2022-10-30 14:51:06,873] [INFO] Paused execution for 1.416s to limit request rate
[2022-10-30 14:51:08,294] [INFO] Requesting for post #7/20, post_id = 47712
[2022-10-30 14:51:09,473] [DEBUG] https://abc.mustspace.net:8082 "GET /getNews?id=47712&userId=0 HTTP/1.1" 200 None
[2022-10-30 14:51:09,474] [INFO] Saved post #47712 raw content to ./data/posts/47712.json.
[2022-10-30 14:51:09,474] [INFO] Paused execution for 1.257s to limit request rate
[2022-10-30 14:51:10,736] [INFO] Requesting for post #8/20, post_id = 47711
[2022-10-30 14:51:12,612] [DEBUG] https://abc.mustspace.net:8082 "GET /getNews?id=47711&userId=0 HTTP/1.1" 200 None
[2022-10-30 14:51:12,614] [INFO] Saved post #47711 raw content to ./data/posts/47711.json.
[2022-10-30 14:51:12,614] [INFO] Paused execution for 2.765s to limit request rate
[2022-10-30 14:51:15,383] [INFO] Requesting for post #9/20, post_id = 47710
[2022-10-30 14:51:15,979] [DEBUG] https://abc.mustspace.net:8082 "GET /getNews?id=47710&userId=0 HTTP/1.1" 200 None
[2022-10-30 14:51:15,979] [INFO] Saved post #47710 raw content to ./data/posts/47710.json.
[2022-10-30 14:51:15,979] [INFO] Paused execution for 2.083s to limit request rate
[2022-10-30 14:51:18,067] [INFO] Requesting for post #10/20, post_id = 47709
[2022-10-30 14:51:19,294] [DEBUG] https://abc.mustspace.net:8082 "GET /getNews?id=47709&userId=0 HTTP/1.1" 200 None
[2022-10-30 14:51:19,295] [INFO] Saved post #47709 raw content to ./data/posts/47709.json.
[2022-10-30 14:51:19,295] [INFO] Paused execution for 1.651s to limit request rate
[2022-10-30 14:51:20,948] [INFO] Requesting for post #11/20, post_id = 47707
[2022-10-30 14:51:21,650] [DEBUG] https://abc.mustspace.net:8082 "GET /getNews?id=47707&userId=0 HTTP/1.1" 200 None
[2022-10-30 14:51:21,650] [INFO] Saved post #47707 raw content to ./data/posts/47707.json.
[2022-10-30 14:51:21,650] [INFO] Paused execution for 1.897s to limit request rate
[2022-10-30 14:51:23,552] [INFO] Requesting for post #12/20, post_id = 47705
[2022-10-30 14:51:24,144] [DEBUG] https://abc.mustspace.net:8082 "GET /getNews?id=47705&userId=0 HTTP/1.1" 200 None
[2022-10-30 14:51:24,145] [INFO] Saved post #47705 raw content to ./data/posts/47705.json.
[2022-10-30 14:51:24,145] [INFO] Paused execution for 2.98s to limit request rate
[2022-10-30 14:51:27,126] [INFO] Requesting for post #13/20, post_id = 47703
[2022-10-30 14:51:28,569] [DEBUG] https://abc.mustspace.net:8082 "GET /getNews?id=47703&userId=0 HTTP/1.1" 200 None
[2022-10-30 14:51:28,570] [INFO] Saved post #47703 raw content to ./data/posts/47703.json.
[2022-10-30 14:51:28,570] [INFO] Paused execution for 1.201s to limit request rate
[2022-10-30 14:51:29,776] [INFO] Requesting for post #14/20, post_id = 47702
[2022-10-30 14:51:30,136] [DEBUG] https://abc.mustspace.net:8082 "GET /getNews?id=47702&userId=0 HTTP/1.1" 200 None
[2022-10-30 14:51:30,136] [INFO] Saved post #47702 raw content to ./data/posts/47702.json.
[2022-10-30 14:51:30,136] [INFO] Paused execution for 2.323s to limit request rate
[2022-10-30 14:51:32,459] [INFO] Requesting for post #15/20, post_id = 47701
[2022-10-30 14:51:35,025] [DEBUG] https://abc.mustspace.net:8082 "GET /getNews?id=47701&userId=0 HTTP/1.1" 200 None
[2022-10-30 14:51:35,026] [INFO] Saved post #47701 raw content to ./data/posts/47701.json.
[2022-10-30 14:51:35,026] [INFO] Paused execution for 1.579s to limit request rate
[2022-10-30 14:51:36,609] [INFO] Requesting for post #16/20, post_id = 47700
[2022-10-30 14:51:37,121] [DEBUG] https://abc.mustspace.net:8082 "GET /getNews?id=47700&userId=0 HTTP/1.1" 200 None
[2022-10-30 14:51:37,121] [INFO] Saved post #47700 raw content to ./data/posts/47700.json.
[2022-10-30 14:51:37,121] [INFO] Paused execution for 1.599s to limit request rate
[2022-10-30 14:51:38,725] [INFO] Requesting for post #17/20, post_id = 47699
[2022-10-30 14:51:39,874] [DEBUG] https://abc.mustspace.net:8082 "GET /getNews?id=47699&userId=0 HTTP/1.1" 200 None
[2022-10-30 14:51:39,875] [INFO] Saved post #47699 raw content to ./data/posts/47699.json.
[2022-10-30 14:51:39,875] [INFO] Paused execution for 2.526s to limit request rate
[2022-10-30 14:51:42,406] [INFO] Requesting for post #18/20, post_id = 47698
[2022-10-30 14:51:44,067] [DEBUG] https://abc.mustspace.net:8082 "GET /getNews?id=47698&userId=0 HTTP/1.1" 200 None
[2022-10-30 14:51:44,069] [INFO] Saved post #47698 raw content to ./data/posts/47698.json.
[2022-10-30 14:51:44,069] [INFO] Paused execution for 2.92s to limit request rate
[2022-10-30 14:51:46,995] [INFO] Requesting for post #19/20, post_id = 47697
[2022-10-30 14:51:47,871] [DEBUG] https://abc.mustspace.net:8082 "GET /getNews?id=47697&userId=0 HTTP/1.1" 200 None
[2022-10-30 14:51:47,873] [INFO] Saved post #47697 raw content to ./data/posts/47697.json.
[2022-10-30 14:51:47,874] [INFO] Paused execution for 2.898s to limit request rate
[2022-10-30 14:51:50,777] [INFO] Requesting for post #20/20, post_id = 47696
[2022-10-30 14:51:51,001] [DEBUG] https://abc.mustspace.net:8082 "GET /getNews?id=47696&userId=0 HTTP/1.1" 200 None
[2022-10-30 14:51:51,001] [INFO] Saved post #47696 raw content to ./data/posts/47696.json.
[2022-10-30 14:51:51,001] [INFO] Paused execution for 1.491s to limit request rate
[2022-10-30 14:51:52,494] [INFO] Requesting for post listing, page #9
[2022-10-30 14:51:52,723] [DEBUG] https://abc.mustspace.net:8082 "GET /getPostList?category_id=0&userId=0&page=9&size=20 HTTP/1.1" 200 None
[2022-10-30 14:51:52,724] [INFO] 20 entries found!
[2022-10-30 14:51:52,724] [INFO] Requesting for post #1/20, post_id = 47696
[2022-10-30 14:51:52,850] [DEBUG] https://abc.mustspace.net:8082 "GET /getNews?id=47696&userId=0 HTTP/1.1" 200 None
[2022-10-30 14:51:52,851] [INFO] Saved post #47696 raw content to ./data/posts/47696.json.
[2022-10-30 14:51:52,851] [INFO] Paused execution for 2.907s to limit request rate
[2022-10-30 14:51:55,763] [INFO] Requesting for post #2/20, post_id = 47695
[2022-10-30 14:51:56,129] [DEBUG] https://abc.mustspace.net:8082 "GET /getNews?id=47695&userId=0 HTTP/1.1" 200 None
[2022-10-30 14:51:56,130] [INFO] Saved post #47695 raw content to ./data/posts/47695.json.
[2022-10-30 14:51:56,130] [INFO] Paused execution for 1.155s to limit request rate
[2022-10-30 14:51:57,286] [INFO] Requesting for post #3/20, post_id = 47694
[2022-10-30 14:51:57,701] [DEBUG] https://abc.mustspace.net:8082 "GET /getNews?id=47694&userId=0 HTTP/1.1" 200 None
[2022-10-30 14:51:57,701] [INFO] Saved post #47694 raw content to ./data/posts/47694.json.
[2022-10-30 14:51:57,701] [INFO] Paused execution for 2.551s to limit request rate
[2022-10-30 14:52:00,257] [INFO] Requesting for post #4/20, post_id = 47693
[2022-10-30 14:52:00,550] [DEBUG] https://abc.mustspace.net:8082 "GET /getNews?id=47693&userId=0 HTTP/1.1" 200 None
[2022-10-30 14:52:00,550] [INFO] Saved post #47693 raw content to ./data/posts/47693.json.
[2022-10-30 14:52:00,550] [INFO] Paused execution for 1.189s to limit request rate
[2022-10-30 14:52:01,742] [INFO] Requesting for post #5/20, post_id = 47691
[2022-10-30 14:52:02,457] [DEBUG] https://abc.mustspace.net:8082 "GET /getNews?id=47691&userId=0 HTTP/1.1" 200 None
[2022-10-30 14:52:02,457] [INFO] Saved post #47691 raw content to ./data/posts/47691.json.
[2022-10-30 14:52:02,457] [INFO] Paused execution for 2.645s to limit request rate
[2022-10-30 14:52:05,106] [INFO] Requesting for post #6/20, post_id = 47685
[2022-10-30 14:52:05,260] [DEBUG] https://abc.mustspace.net:8082 "GET /getNews?id=47685&userId=0 HTTP/1.1" 200 None
[2022-10-30 14:52:05,261] [INFO] Saved post #47685 raw content to ./data/posts/47685.json.
[2022-10-30 14:52:05,261] [INFO] Paused execution for 1.675s to limit request rate
[2022-10-30 14:52:06,941] [INFO] Requesting for post #7/20, post_id = 47684
[2022-10-30 14:52:07,216] [DEBUG] https://abc.mustspace.net:8082 "GET /getNews?id=47684&userId=0 HTTP/1.1" 200 None
[2022-10-30 14:52:07,216] [INFO] Saved post #47684 raw content to ./data/posts/47684.json.
[2022-10-30 14:52:07,216] [INFO] Paused execution for 1.174s to limit request rate
[2022-10-30 14:52:08,396] [INFO] Requesting for post #8/20, post_id = 47683
[2022-10-30 14:52:08,810] [DEBUG] https://abc.mustspace.net:8082 "GET /getNews?id=47683&userId=0 HTTP/1.1" 200 None
[2022-10-30 14:52:08,810] [INFO] Saved post #47683 raw content to ./data/posts/47683.json.
[2022-10-30 14:52:08,810] [INFO] Paused execution for 1.201s to limit request rate
[2022-10-30 14:52:10,017] [INFO] Requesting for post #9/20, post_id = 47682
[2022-10-30 14:52:10,312] [DEBUG] https://abc.mustspace.net:8082 "GET /getNews?id=47682&userId=0 HTTP/1.1" 200 None
[2022-10-30 14:52:10,312] [INFO] Saved post #47682 raw content to ./data/posts/47682.json.
[2022-10-30 14:52:10,312] [INFO] Paused execution for 2.348s to limit request rate
[2022-10-30 14:52:12,664] [INFO] Requesting for post #10/20, post_id = 47681
[2022-10-30 14:52:14,723] [DEBUG] https://abc.mustspace.net:8082 "GET /getNews?id=47681&userId=0 HTTP/1.1" 200 None
[2022-10-30 14:52:14,725] [INFO] Saved post #47681 raw content to ./data/posts/47681.json.
[2022-10-30 14:52:14,725] [INFO] Paused execution for 2.824s to limit request rate
[2022-10-30 14:52:17,555] [INFO] Requesting for post #11/20, post_id = 47678
[2022-10-30 14:52:18,015] [DEBUG] https://abc.mustspace.net:8082 "GET /getNews?id=47678&userId=0 HTTP/1.1" 200 None
[2022-10-30 14:52:18,018] [INFO] Saved post #47678 raw content to ./data/posts/47678.json.
[2022-10-30 14:52:18,018] [INFO] Paused execution for 2.544s to limit request rate
[2022-10-30 14:52:20,565] [INFO] Requesting for post #12/20, post_id = 47677
[2022-10-30 14:52:21,161] [DEBUG] https://abc.mustspace.net:8082 "GET /getNews?id=47677&userId=0 HTTP/1.1" 200 None
[2022-10-30 14:52:21,161] [INFO] Saved post #47677 raw content to ./data/posts/47677.json.
[2022-10-30 14:52:21,161] [INFO] Paused execution for 2.297s to limit request rate
[2022-10-30 14:52:23,461] [INFO] Requesting for post #13/20, post_id = 47676
[2022-10-30 14:52:25,529] [DEBUG] https://abc.mustspace.net:8082 "GET /getNews?id=47676&userId=0 HTTP/1.1" 200 None
[2022-10-30 14:52:25,531] [INFO] Saved post #47676 raw content to ./data/posts/47676.json.
[2022-10-30 14:52:25,531] [INFO] Paused execution for 1.962s to limit request rate
[2022-10-30 14:52:27,495] [INFO] Requesting for post #14/20, post_id = 47675
[2022-10-30 14:52:29,184] [DEBUG] https://abc.mustspace.net:8082 "GET /getNews?id=47675&userId=0 HTTP/1.1" 200 None
[2022-10-30 14:52:29,186] [INFO] Saved post #47675 raw content to ./data/posts/47675.json.
[2022-10-30 14:52:29,186] [INFO] Paused execution for 1.329s to limit request rate
[2022-10-30 14:52:30,520] [INFO] Requesting for post #15/20, post_id = 47674
[2022-10-30 14:52:31,256] [DEBUG] https://abc.mustspace.net:8082 "GET /getNews?id=47674&userId=0 HTTP/1.1" 200 None
[2022-10-30 14:52:31,256] [INFO] Saved post #47674 raw content to ./data/posts/47674.json.
[2022-10-30 14:52:31,256] [INFO] Paused execution for 2.965s to limit request rate
[2022-10-30 14:52:34,227] [INFO] Requesting for post #16/20, post_id = 47673
[2022-10-30 14:52:34,413] [DEBUG] https://abc.mustspace.net:8082 "GET /getNews?id=47673&userId=0 HTTP/1.1" 200 None
[2022-10-30 14:52:34,413] [INFO] Saved post #47673 raw content to ./data/posts/47673.json.
[2022-10-30 14:52:34,413] [INFO] Paused execution for 2.303s to limit request rate
[2022-10-30 14:52:36,721] [INFO] Requesting for post #17/20, post_id = 47672
[2022-10-30 14:52:37,729] [DEBUG] https://abc.mustspace.net:8082 "GET /getNews?id=47672&userId=0 HTTP/1.1" 200 None
[2022-10-30 14:52:37,733] [INFO] Saved post #47672 raw content to ./data/posts/47672.json.
[2022-10-30 14:52:37,733] [INFO] Paused execution for 1.322s to limit request rate
[2022-10-30 14:52:39,060] [INFO] Requesting for post #18/20, post_id = 47671
[2022-10-30 14:52:39,282] [DEBUG] https://abc.mustspace.net:8082 "GET /getNews?id=47671&userId=0 HTTP/1.1" 200 None
[2022-10-30 14:52:39,282] [INFO] Saved post #47671 raw content to ./data/posts/47671.json.
[2022-10-30 14:52:39,282] [INFO] Paused execution for 1.506s to limit request rate
[2022-10-30 14:52:40,789] [INFO] Requesting for post #19/20, post_id = 47670
[2022-10-30 14:52:41,268] [DEBUG] https://abc.mustspace.net:8082 "GET /getNews?id=47670&userId=0 HTTP/1.1" 200 None
[2022-10-30 14:52:41,268] [INFO] Saved post #47670 raw content to ./data/posts/47670.json.
[2022-10-30 14:52:41,269] [INFO] Paused execution for 1.544s to limit request rate
[2022-10-30 14:52:42,818] [INFO] Requesting for post #20/20, post_id = 47669
[2022-10-30 14:52:43,038] [DEBUG] https://abc.mustspace.net:8082 "GET /getNews?id=47669&userId=0 HTTP/1.1" 200 None
[2022-10-30 14:52:43,038] [INFO] Saved post #47669 raw content to ./data/posts/47669.json.
[2022-10-30 14:52:43,038] [INFO] Paused execution for 1.331s to limit request rate
[2022-10-30 14:52:44,375] [INFO] Requesting for post listing, page #10
[2022-10-30 14:52:44,887] [DEBUG] https://abc.mustspace.net:8082 "GET /getPostList?category_id=0&userId=0&page=10&size=20 HTTP/1.1" 200 None
[2022-10-30 14:52:44,888] [INFO] Crawl page target reached. Exiting.
